0 info it worked if it ends with ok
1 verbose cli [ '/usr/local/Cellar/node/6.2.0/bin/node',
1 verbose cli   '/usr/local/bin/npm',
1 verbose cli   'run',
1 verbose cli   'loader' ]
2 info using npm@3.8.9
3 info using node@v6.2.0
4 verbose run-script [ 'preloader', 'loader', 'postloader' ]
5 info lifecycle misc@0.0.2~preloader: misc@0.0.2
6 silly lifecycle misc@0.0.2~preloader: no script for preloader, continuing
7 info lifecycle misc@0.0.2~loader: misc@0.0.2
8 verbose lifecycle misc@0.0.2~loader: unsafe-perm in lifecycle true
9 verbose lifecycle misc@0.0.2~loader: PATH: /usr/local/lib/node_modules/npm/bin/node-gyp-bin:/Users/ikuznecov/projects/misc/node_modules/.bin:/usr/local/Cellar/node/6.2.0/bin:/Users/ikuznecov/bin:/usr/local/bin:/usr/local/sbin:/Users/ikuznecov/projects/node_modules/.bin:/usr/local/bin:/usr/bin:/bin:/usr/sbin:/sbin
10 verbose lifecycle misc@0.0.2~loader: CWD: /Users/ikuznecov/projects/misc
11 silly lifecycle misc@0.0.2~loader: Args: [ '-c', 'rollup -i src/loader.js -o . -c' ]
12 silly lifecycle misc@0.0.2~loader: Returned: code: 1  signal: null
13 info lifecycle misc@0.0.2~loader: Failed to exec loader script
14 verbose stack Error: misc@0.0.2 loader: `rollup -i src/loader.js -o . -c`
14 verbose stack Exit status 1
14 verbose stack     at EventEmitter.<anonymous> (/usr/local/lib/node_modules/npm/lib/utils/lifecycle.js:245:16)
14 verbose stack     at emitTwo (events.js:106:13)
14 verbose stack     at EventEmitter.emit (events.js:191:7)
14 verbose stack     at ChildProcess.<anonymous> (/usr/local/lib/node_modules/npm/lib/utils/spawn.js:24:14)
14 verbose stack     at emitTwo (events.js:106:13)
14 verbose stack     at ChildProcess.emit (events.js:191:7)
14 verbose stack     at maybeClose (internal/child_process.js:850:16)
14 verbose stack     at Process.ChildProcess._handle.onexit (internal/child_process.js:215:5)
15 verbose pkgid misc@0.0.2
16 verbose cwd /Users/ikuznecov/projects/misc
17 error Darwin 15.5.0
18 error argv "/usr/local/Cellar/node/6.2.0/bin/node" "/usr/local/bin/npm" "run" "loader"
19 error node v6.2.0
20 error npm  v3.8.9
21 error code ELIFECYCLE
22 error misc@0.0.2 loader: `rollup -i src/loader.js -o . -c`
22 error Exit status 1
23 error Failed at the misc@0.0.2 loader script 'rollup -i src/loader.js -o . -c'.
23 error Make sure you have the latest version of node.js and npm installed.
23 error If you do, this is most likely a problem with the misc package,
23 error not with npm itself.
23 error Tell the author that this fails on your system:
23 error     rollup -i src/loader.js -o . -c
23 error You can get information on how to open an issue for this project with:
23 error     npm bugs misc
23 error Or if that isn't available, you can get their info via:
23 error     npm owner ls misc
23 error There is likely additional logging output above.
24 verbose exit [ 1, true ]
